[debug] [2022-07-02T19:14:27.298Z] ----------------------------------------------------------------------
[debug] [2022-07-02T19:14:27.300Z] Command:       C:\Program Files\nodejs\node.exe C:\Users\User\AppData\Roaming\npm\node_modules\firebase-tools\lib\bin\firebase.js init
[debug] [2022-07-02T19:14:27.301Z] CLI Version:   11.2.0
[debug] [2022-07-02T19:14:27.301Z] Platform:      win32
[debug] [2022-07-02T19:14:27.301Z] Node Version:  v16.15.1
[debug] [2022-07-02T19:14:27.301Z] Time:          Sun Jul 03 2022 02:14:27 GMT+0700 (Indochina Time)
[debug] [2022-07-02T19:14:27.302Z] ----------------------------------------------------------------------
[debug] 
[debug] [2022-07-02T19:14:27.304Z] >>> [apiv2][query] GET https://firebase-public.firebaseio.com/cli.json [none]
[debug] [2022-07-02T19:14:27.324Z] > command requires scopes: ["email","openid","https://www.googleapis.com/auth/cloudplatformprojects.readonly","https://www.googleapis.com/auth/firebase","https://www.googleapis.com/auth/cloud-platform"]
[debug] [2022-07-02T19:14:27.324Z] > authorizing via signed-in user (guthutjut@gmail.com)
[info] 
     ######## #### ########  ######## ########     ###     ######  ########
     ##        ##  ##     ## ##       ##     ##  ##   ##  ##       ##
     ######    ##  ########  ######   ########  #########  ######  ######
     ##        ##  ##    ##  ##       ##     ## ##     ##       ## ##
     ##       #### ##     ## ######## ########  ##     ##  ######  ########

You're about to initialize a Firebase project in this directory:

  C:\Users\User\Desktop\etc\Dev\Resume

[debug] [2022-07-02T19:14:27.825Z] <<< [apiv2][status] GET https://firebase-public.firebaseio.com/cli.json 200
[debug] [2022-07-02T19:14:27.825Z] <<< [apiv2][body] GET https://firebase-public.firebaseio.com/cli.json {"cloudBuildErrorAfter":1594252800000,"cloudBuildWarnAfter":1590019200000,"defaultNode10After":1594252800000,"minVersion":"3.0.5","node8DeploysDisabledAfter":1613390400000,"node8RuntimeDisabledAfter":1615809600000,"node8WarnAfter":1600128000000}
